<?xml version="1.0" encoding="UTF-8"?>
<testsuite xmlns:xsi="http://www.w3.org/2001/XMLSchema-instance" xsi:noNamespaceSchemaLocation="https://maven.apache.org/surefire/maven-surefire-plugin/xsd/surefire-test-report-3.0.xsd" version="3.0" name="partie1.PersonnageTest" time="0.015" tests="3" errors="0" skipped="0" failures="0">
  <properties>
[...]
</properties>
  <testcase name="testAvecOptions" classname="partie1.PersonnageTest" time="0.005"/>
  <testcase name="testDefauts" classname="partie1.PersonnageTest" time="0.002"/>
  <testcase name="testNomVide" classname="partie1.PersonnageTest" time="0.003"/>
</testsuite>